# JRE version: Java(TM) SE Runtime Environment (8.0_77-b03) (build 1.8.0_77-b03)
# Java VM: Java HotSpot(TM) 64-Bit Server VM (25.77-b03 mixed mode windows-amd64 compressed oops)
Heap:
 PSYoungGen      total 180224K, used 118501K [0x00000000d5d00000, 0x00000000e3b80000, 0x0000000100000000)
  eden space 168960K, 70% used [0x00000000d5d00000,0x00000000dd0b9508,0x00000000e0200000)
  from space 11264K, 0% used [0x00000000e0f00000,0x00000000e0f00000,0x00000000e1a00000)
  to   space 13312K, 0% used [0x00000000e0200000,0x00000000e0200000,0x00000000e0f00000)
 ParOldGen       total 91648K, used 20700K [0x0000000081600000, 0x0000000086f80000, 0x00000000d5d00000)
  object space 91648K, 22% used [0x0000000081600000,0x0000000082a371b0,0x0000000086f80000)
 Metaspace       used 42216K, capacity 44136K, committed 44288K, reserved 1087488K
  class space    used 5755K, capacity 6120K, committed 6144K, reserved 1048576K
GC Heap History (10 events):
Event: 2.521 GC heap before
{Heap before GC invocations=6 (full 1):
 PSYoungGen      total 71680K, used 5091K [0x00000000d5d00000, 0x00000000df300000, 0x0000000100000000)
  eden space 66560K, 0% used [0x00000000d5d00000,0x00000000d5d00000,0x00000000d9e00000)
  from space 5120K, 99% used [0x00000000d9e00000,0x00000000da2f8d28,0x00000000da300000)
  to   space 10240K, 0% used [0x00000000de900000,0x00000000de900000,0x00000000df300000)
 ParOldGen       total 87552K, used 10817K [0x0000000081600000, 0x0000000086b80000, 0x00000000d5d00000)
  object space 87552K, 12% used [0x0000000081600000,0x0000000082090748,0x0000000086b80000)
 Metaspace       used 20673K, capacity 21264K, committed 21296K, reserved 1067008K
  class space    used 2756K, capacity 2943K, committed 2944K, reserved 1048576K
Event: 2.559 GC heap after
Heap after GC invocations=6 (full 1):
 PSYoungGen      total 71680K, used 0K [0x00000000d5d00000, 0x00000000df300000, 0x0000000100000000)
  eden space 66560K, 0% used [0x00000000d5d00000,0x00000000d5d00000,0x00000000d9e00000)
  from space 5120K, 0% used [0x00000000d9e00000,0x00000000d9e00000,0x00000000da300000)
  to   space 10240K, 0% used [0x00000000de900000,0x00000000de900000,0x00000000df300000)
 ParOldGen       total 58880K, used 9099K [0x0000000081600000, 0x0000000084f80000, 0x00000000d5d00000)
  object space 58880K, 15% used [0x0000000081600000,0x0000000081ee2f08,0x0000000084f80000)
 Metaspace       used 20673K, capacity 21264K, committed 21296K, reserved 1067008K
  class space    used 2756K, capacity 2943K, committed 2944K, reserved 1048576K
}
Event: 4.684 GC heap before
{Heap before GC invocations=7 (full 1):
 PSYoungGen      total 71680K, used 66560K [0x00000000d5d00000, 0x00000000df300000, 0x0000000100000000)
  eden space 66560K, 100% used [0x00000000d5d00000,0x00000000d9e00000,0x00000000d9e00000)
  from space 5120K, 0% used [0x00000000d9e00000,0x00000000d9e00000,0x00000000da300000)
  to   space 10240K, 0% used [0x00000000de900000,0x00000000de900000,0x00000000df300000)
 ParOldGen       total 58880K, used 9099K [0x0000000081600000, 0x0000000084f80000, 0x00000000d5d00000)
  object space 58880K, 15% used [0x0000000081600000,0x0000000081ee2f08,0x0000000084f80000)
 Metaspace       used 25311K, capacity 26170K, committed 26368K, reserved 1073152K
  class space    used 3349K, capacity 3570K, committed 3584K, reserved 1048576K
Event: 4.693 GC heap after
Heap after GC invocations=7 (full 1):
 PSYoungGen      total 114176K, used 5858K [0x00000000d5d00000, 0x00000000def00000, 0x0000000100000000)
  eden space 108032K, 0% used [0x00000000d5d00000,0x00000000d5d00000,0x00000000dc680000)
  from space 6144K, 95% used [0x00000000de900000,0x00000000deeb8af8,0x00000000def00000)
  to   space 10240K, 0% used [0x00000000ddb00000,0x00000000ddb00000,0x00000000de500000)
 ParOldGen       total 58880K, used 9107K [0x0000000081600000, 0x0000000084f80000, 0x00000000d5d00000)
  object space 58880K, 15% used [0x0000000081600000,0x0000000081ee4f08,0x0000000084f80000)
 Metaspace       used 25311K, capacity 26170K, committed 26368K, reserved 1073152K
  class space    used 3349K, capacity 3570K, committed 3584K, reserved 1048576K
}
Event: 6.115 GC heap before
{Heap before GC invocations=8 (full 1):
 PSYoungGen      total 114176K, used 113890K [0x00000000d5d00000, 0x00000000def00000, 0x0000000100000000)
  eden space 108032K, 100% used [0x00000000d5d00000,0x00000000dc680000,0x00000000dc680000)
  from space 6144K, 95% used [0x00000000de900000,0x00000000deeb8af8,0x00000000def00000)
  to   space 10240K, 0% used [0x00000000ddb00000,0x00000000ddb00000,0x00000000de500000)
 ParOldGen       total 58880K, used 9107K [0x0000000081600000, 0x0000000084f80000, 0x00000000d5d00000)
  object space 58880K, 15% used [0x0000000081600000,0x0000000081ee4f08,0x0000000084f80000)
 Metaspace       used 28033K, capacity 29274K, committed 29440K, reserved 1075200K
  class space    used 3751K, capacity 4017K, committed 4096K, reserved 1048576K
Event: 6.131 GC heap after
Heap after GC invocations=8 (full 1):
 PSYoungGen      total 139264K, used 9542K [0x00000000d5d00000, 0x00000000e1a00000, 0x0000000100000000)
  eden space 129024K, 0% used [0x00000000d5d00000,0x00000000d5d00000,0x00000000ddb00000)
  from space 10240K, 93% used [0x00000000ddb00000,0x00000000de4519b0,0x00000000de500000)
  to   space 11264K, 0% used [0x00000000e0f00000,0x00000000e0f00000,0x00000000e1a00000)
 ParOldGen       total 58880K, used 9115K [0x0000000081600000, 0x0000000084f80000, 0x00000000d5d00000)
  object space 58880K, 15% used [0x0000000081600000,0x0000000081ee6f08,0x0000000084f80000)
 Metaspace       used 28033K, capacity 29274K, committed 29440K, reserved 1075200K
  class space    used 3751K, capacity 4017K, committed 4096K, reserved 1048576K
}
Event: 7.934 GC heap before
{Heap before GC invocations=9 (full 1):
 PSYoungGen      total 139264K, used 135034K [0x00000000d5d00000, 0x00000000e1a00000, 0x0000000100000000)
  eden space 129024K, 97% used [0x00000000d5d00000,0x00000000dd78d220,0x00000000ddb00000)
  from space 10240K, 93% used [0x00000000ddb00000,0x00000000de4519b0,0x00000000de500000)
  to   space 11264K, 0% used [0x00000000e0f00000,0x00000000e0f00000,0x00000000e1a00000)
 ParOldGen       total 58880K, used 9115K [0x0000000081600000, 0x0000000084f80000, 0x00000000d5d00000)
  object space 58880K, 15% used [0x0000000081600000,0x0000000081ee6f08,0x0000000084f80000)
 Metaspace       used 34089K, capacity 35450K, committed 35496K, reserved 1079296K
  class space    used 4561K, capacity 4851K, committed 4864K, reserved 1048576K
Event: 7.958 GC heap after
Heap after GC invocations=9 (full 1):
 PSYoungGen      total 180224K, used 11235K [0x00000000d5d00000, 0x00000000e3b80000, 0x0000000100000000)
  eden space 168960K, 0% used [0x00000000d5d00000,0x00000000d5d00000,0x00000000e0200000)
  from space 11264K, 99% used [0x00000000e0f00000,0x00000000e19f8ce8,0x00000000e1a00000)
  to   space 13312K, 0% used [0x00000000e0200000,0x00000000e0200000,0x00000000e0f00000)
 ParOldGen       total 58880K, used 11368K [0x0000000081600000, 0x0000000084f80000, 0x00000000d5d00000)
  object space 58880K, 19% used [0x0000000081600000,0x000000008211a218,0x0000000084f80000)
 Metaspace       used 34089K, capacity 35450K, committed 35496K, reserved 1079296K
  class space    used 4561K, capacity 4851K, committed 4864K, reserved 1048576K
}
Event: 7.958 GC heap before
{Heap before GC invocations=10 (full 2):
 PSYoungGen      total 180224K, used 11235K [0x00000000d5d00000, 0x00000000e3b80000, 0x0000000100000000)
  eden space 168960K, 0% used [0x00000000d5d00000,0x00000000d5d00000,0x00000000e0200000)
  from space 11264K, 99% used [0x00000000e0f00000,0x00000000e19f8ce8,0x00000000e1a00000)
  to   space 13312K, 0% used [0x00000000e0200000,0x00000000e0200000,0x00000000e0f00000)
 ParOldGen       total 58880K, used 11368K [0x0000000081600000, 0x0000000084f80000, 0x00000000d5d00000)
  object space 58880K, 19% used [0x0000000081600000,0x000000008211a218,0x0000000084f80000)
 Metaspace       used 34089K, capacity 35450K, committed 35496K, reserved 1079296K
  class space    used 4561K, capacity 4851K, committed 4864K, reserved 1048576K
Event: 8.059 GC heap after
Heap after GC invocations=10 (full 2):
 PSYoungGen      total 180224K, used 0K [0x00000000d5d00000, 0x00000000e3b80000, 0x0000000100000000)
  eden space 168960K, 0% used [0x00000000d5d00000,0x00000000d5d00000,0x00000000e0200000)
  from space 11264K, 0% used [0x00000000e0f00000,0x00000000e0f00000,0x00000000e1a00000)
  to   space 13312K, 0% used [0x00000000e0200000,0x00000000e0200000,0x00000000e0f00000)
 ParOldGen       total 91648K, used 20700K [0x0000000081600000, 0x0000000086f80000, 0x00000000d5d00000)
  object space 91648K, 22% used [0x0000000081600000,0x0000000082a371b0,0x0000000086f80000)
 Metaspace       used 34089K, capacity 35450K, committed 35496K, reserved 1079296K
  class space    used 4561K, capacity 4851K, committed 4864K, reserved 1048576K
}

